<?xml version="1.0" encoding="UTF-8"?>
<!-- Generated by org.testng.reporters.JUnitReportReporter -->
<testsuite hostname="ASUS" name="com.learnautomation.testcases.LoginTestCRM" tests="2" failures="0" timestamp="2 Jan 2021 13:35:12 GMT" time="2.325" errors="0">
  <testcase name="LoginApp" time="0.881" classname="com.learnautomation.testcases.LoginTestCRM"/>
  <testcase name="LoginApp1" time="1.444" classname="com.learnautomation.testcases.LoginTestCRM"/>
</testsuite> <!-- com.learnautomation.testcases.LoginTestCRM -->
